<?xml version="1.0" encoding="UTF-8"?>
<testsuite name="com.ms.product.controller.ProductControllerTests" tests="7" skipped="0" failures="0" errors="0" timestamp="2024-03-15T20:52:26" hostname="BR-F0NRZ23" time="1.841">
  <properties/>
  <testcase name="testCreate()" classname="com.ms.product.controller.ProductControllerTests" time="1.494"/>
  <testcase name="testFindAll()" classname="com.ms.product.controller.ProductControllerTests" time="0.124"/>
  <testcase name="testFindById()" classname="com.ms.product.controller.ProductControllerTests" time="0.036"/>
  <testcase name="testFindByName()" classname="com.ms.product.controller.ProductControllerTests" time="0.055"/>
  <testcase name="testUpdate()" classname="com.ms.product.controller.ProductControllerTests" time="0.045"/>
  <testcase name="testDelete()" classname="com.ms.product.controller.ProductControllerTests" time="0.055"/>
  <testcase name="contextLoads()" classname="com.ms.product.controller.ProductControllerTests" time="0.016"/>
  <system-out><![CDATA[17:52:22.397 [Test worker] INFO org.springframework.test.context.support.AnnotationConfigContextLoaderUtils -- Could not detect default configuration classes for test class [com.ms.product.controller.ProductControllerTests]: ProductControllerTests does not declare any static, non-private, non-final, nested classes annotated with @Configuration.
17:52:22.566 [Test worker] INFO org.springframework.boot.test.context.SpringBootTestContextBootstrapper -- Found @SpringBootConfiguration com.ms.product.ProductApplication for test class com.ms.product.controller.ProductControllerTests

  .   ____          _            __ _ _
 /\\ / ___'_ __ _ _(_)_ __  __ _ \ \ \ \
( ( )\___ | '_ | '_| | '_ \/ _` | \ \ \ \
 \\/  ___)| |_)| | | | | || (_| |  ) ) ) )
  '  |____| .__|_| |_|_| |_\__, | / / / /
 =========|_|==============|___/=/_/_/_/
 :: Spring Boot ::                (v3.2.0)

2024-03-15 17:52:23 - Starting ProductControllerTests using Java 17.0.10 with PID 23680 (started by mconsolaro in C:\Code\api-product\product)
2024-03-15 17:52:23 - The following 1 profile is active: "test"
2024-03-15 17:52:24 - Bootstrapping Spring Data MongoDB repositories in DEFAULT mode.
2024-03-15 17:52:24 - Finished Spring Data repository scanning in 85 ms. Found 1 MongoDB repository interface.
2024-03-15 17:52:24 - MongoClient with metadata {"driver": {"name": "mongo-java-driver|sync|spring-boot", "version": "4.11.1"}, "os": {"type": "Windows", "name": "Windows 11", "architecture": "amd64", "version": "10.0"}, "platform": "Java/Oracle Corporation/17.0.10+11-LTS-240"} created with settings MongoClientSettings{readPreference=primary, writeConcern=WriteConcern{w=null, wTimeout=null ms, journal=null}, retryWrites=true, retryReads=true, readConcern=ReadConcern{level=null}, credential=null, transportSettings=null, streamFactoryFactory=null, commandListeners=[], codecRegistry=ProvidersCodecRegistry{codecProviders=[ValueCodecProvider{}, BsonValueCodecProvider{}, DBRefCodecProvider{}, DBObjectCodecProvider{}, DocumentCodecProvider{}, CollectionCodecProvider{}, IterableCodecProvider{}, MapCodecProvider{}, GeoJsonCodecProvider{}, GridFSFileCodecProvider{}, Jsr310CodecProvider{}, JsonObjectCodecProvider{}, BsonCodecProvider{}, EnumCodecProvider{}, com.mongodb.client.model.mql.ExpressionCodecProvider@7a2fce12, com.mongodb.Jep395RecordCodecProvider@66e17eff, com.mongodb.KotlinCodecProvider@4bb1b96b]}, loggerSettings=LoggerSettings{maxDocumentLength=1000}, clusterSettings={hosts=[localhost:27017], srvServiceName=mongodb, mode=SINGLE, requiredClusterType=UNKNOWN, requiredReplicaSetName='null', serverSelector='null', clusterListeners='[]', serverSelectionTimeout='30000 ms', localThreshold='15 ms'}, socketSettings=SocketSettings{connectTimeoutMS=10000, readTimeoutMS=0, receiveBufferSize=0, proxySettings=ProxySettings{host=null, port=null, username=null, password=null}}, heartbeatSocketSettings=SocketSettings{connectTimeoutMS=10000, readTimeoutMS=10000, receiveBufferSize=0, proxySettings=ProxySettings{host=null, port=null, username=null, password=null}}, connectionPoolSettings=ConnectionPoolSettings{maxSize=100, minSize=0, maxWaitTimeMS=120000, maxConnectionLifeTimeMS=0, maxConnectionIdleTimeMS=0, maintenanceInitialDelayMS=0, maintenanceFrequencyMS=60000, connectionPoolListeners=[], maxConnecting=2}, serverSettings=ServerSettings{heartbeatFrequencyMS=10000, minHeartbeatFrequencyMS=500, serverListeners='[]', serverMonitorListeners='[]'}, sslSettings=SslSettings{enabled=false, invalidHostNameAllowed=false, context=null}, applicationName='null', compressorList=[], uuidRepresentation=JAVA_LEGACY, serverApi=null, autoEncryptionSettings=null, dnsClient=null, inetAddressResolver=null, contextProvider=null}
2024-03-15 17:52:25 - Monitor thread successfully connected to server with description ServerDescription{address=localhost:27017, type=STANDALONE, state=CONNECTED, ok=true, minWireVersion=0, maxWireVersion=21, maxDocumentSize=16777216, logicalSessionTimeoutMinutes=30, roundTripTimeNanos=85587100}
2024-03-15 17:52:26 - Started ProductControllerTests in 3.735 seconds (process running for 5.184)
2024-03-15 17:52:27 - Initializing Spring TestDispatcherServlet ''
2024-03-15 17:52:27 - Initializing Servlet ''
2024-03-15 17:52:27 - Completed initialization in 1 ms
2024-03-15 17:52:27 - testCreate
2024-03-15 17:52:28 - Initializing Spring TestDispatcherServlet ''
2024-03-15 17:52:28 - Initializing Servlet ''
2024-03-15 17:52:28 - Completed initialization in 0 ms
2024-03-15 17:52:28 - testFindAll

MockHttpServletRequest:
      HTTP Method = GET
      Request URI = /api/products
       Parameters = {}
          Headers = []
             Body = <no character encoding set>
    Session Attrs = {}

Handler:
             Type = com.ms.product.controller.ProductController
           Method = com.ms.product.controller.ProductController#findAll()

Async:
    Async started = false
     Async result = null

Resolved Exception:
             Type = null

ModelAndView:
        View name = null
             View = null
            Model = null

FlashMap:
       Attributes = null

MockHttpServletResponse:
           Status = 200
    Error message = null
          Headers = [Content-Type:"application/json"]
     Content type = application/json
             Body = [{"id":"65f346c11ac3d257aed346f9","name":"Jardineira-P","description":"Floreira","price":20.5,"category":"Jardinagem","brand":"VasePlant","stock":"Em estoque","supplier":"Terra Flor","registryUser":"vaso","created":"2024-03-15T17:52:27.834951100","updated":null}]
    Forwarded URL = null
   Redirected URL = null
          Cookies = []
2024-03-15 17:52:28 - Initializing Spring TestDispatcherServlet ''
2024-03-15 17:52:28 - Initializing Servlet ''
2024-03-15 17:52:28 - Completed initialization in 0 ms
2024-03-15 17:52:28 - testFindById

MockHttpServletRequest:
      HTTP Method = GET
      Request URI = /api/products/getId/65f346c11ac3d257aed346f9
       Parameters = {}
          Headers = []
             Body = <no character encoding set>
    Session Attrs = {}

Handler:
             Type = com.ms.product.controller.ProductController
           Method = com.ms.product.controller.ProductController#findById(String)

Async:
    Async started = false
     Async result = null

Resolved Exception:
             Type = null

ModelAndView:
        View name = null
             View = null
            Model = null

FlashMap:
       Attributes = null

MockHttpServletResponse:
           Status = 200
    Error message = null
          Headers = [Content-Type:"application/json"]
     Content type = application/json
             Body = {"id":"65f346c11ac3d257aed346f9","name":"Jardineira-P","description":"Floreira","price":20.5,"category":"Jardinagem","brand":"VasePlant","stock":"Em estoque","supplier":"Terra Flor","registryUser":"vaso","created":"2024-03-15T17:52:27.834951100","updated":null}
    Forwarded URL = null
   Redirected URL = null
          Cookies = []
2024-03-15 17:52:28 - Initializing Spring TestDispatcherServlet ''
2024-03-15 17:52:28 - Initializing Servlet ''
2024-03-15 17:52:28 - Completed initialization in 0 ms
2024-03-15 17:52:28 - testFindByName

MockHttpServletRequest:
      HTTP Method = GET
      Request URI = /api/products/getName/Jardineira-P
       Parameters = {}
          Headers = []
             Body = <no character encoding set>
    Session Attrs = {}

Handler:
             Type = com.ms.product.controller.ProductController
           Method = com.ms.product.controller.ProductController#findByName(String)

Async:
    Async started = false
     Async result = null

Resolved Exception:
             Type = null

ModelAndView:
        View name = null
             View = null
            Model = null

FlashMap:
       Attributes = null

MockHttpServletResponse:
           Status = 200
    Error message = null
          Headers = [Content-Type:"application/json"]
     Content type = application/json
             Body = {"id":"65f346c11ac3d257aed346f9","name":"Jardineira-P","description":"Floreira","price":20.5,"category":"Jardinagem","brand":"VasePlant","stock":"Em estoque","supplier":"Terra Flor","registryUser":"vaso","created":"2024-03-15T17:52:27.834951100","updated":null}
    Forwarded URL = null
   Redirected URL = null
          Cookies = []
2024-03-15 17:52:28 - Initializing Spring TestDispatcherServlet ''
2024-03-15 17:52:28 - Initializing Servlet ''
2024-03-15 17:52:28 - Completed initialization in 0 ms
2024-03-15 17:52:28 - testUpdate
2024-03-15 17:52:28 - Initializing Spring TestDispatcherServlet ''
2024-03-15 17:52:28 - Initializing Servlet ''
2024-03-15 17:52:28 - Completed initialization in 0 ms
2024-03-15 17:52:28 - testDelete
2024-03-15 17:52:28 - Initializing Spring TestDispatcherServlet ''
2024-03-15 17:52:28 - Initializing Servlet ''
2024-03-15 17:52:28 - Completed initialization in 0 ms
]]></system-out>
  <system-err><![CDATA[]]></system-err>
</testsuite>
